<?xml version="1.0" encoding="UTF-8"?>
<testng-results ignored="0" total="1" passed="1" failed="0" skipped="0">
  <reporter-output>
  </reporter-output>
  <suite started-at="2023-08-12T21:23:18 IST" name="Default suite" finished-at="2023-08-12T21:23:25 IST" duration-ms="6240">
    <groups>
    </groups>
    <test started-at="2023-08-12T21:23:18 IST" name="Default test" finished-at="2023-08-12T21:23:25 IST" duration-ms="6240">
      <class name="TestNGPRactice">
        <test-method signature="basicLocators()[pri:0, instance:TestNGPRactice@70e9c95d]" started-at="2023-08-12T21:23:18 IST" name="basicLocators" finished-at="2023-08-12T21:23:25 IST" duration-ms="6196" status="PASS">
          <reporter-output>
          </reporter-output>
        </test-method> <!-- basicLocators -->
      </class> <!-- TestNGPRactice -->
    </test> <!-- Default test -->
  </suite> <!-- Default suite -->
</testng-results>
